<?xml version="1.0" encoding="UTF-8"?>
<testng-results ignored="5" total="24" passed="18" failed="1" skipped="0">
  <reporter-output>
  </reporter-output>
  <suite started-at="2022-01-25T07:34:45 IST" name="Suite" finished-at="2022-01-25T07:35:49 IST" duration-ms="63702">
    <groups>
    </groups>
    <test started-at="2022-01-25T07:34:45 IST" name="Test" finished-at="2022-01-25T07:35:49 IST" duration-ms="63702">
      <class name="com.buffaloCart.testCases.ForgotPasswordTestCase">
        <test-method is-config="true" signature="setUpBrowser(java.lang.String)[pri:0, instance:com.buffaloCart.testCases.ForgotPasswordTestCase@26e356f0]" started-at="2022-01-25T07:34:45 IST" name="setUpBrowser" finished-at="2022-01-25T07:34:51 IST" duration-ms="5522" status="PASS">
          <params>
            <param index="0">
              <value>
                <![CDATA[chrome]]>
              </value>
            </param>
          </params>
          <reporter-output>
          </reporter-output>
        </test-method> <!-- setUpBrowser -->
        <test-method signature="forgotPasswordTestCase()[pri:0, instance:com.buffaloCart.testCases.ForgotPasswordTestCase@26e356f0]" started-at="2022-01-25T07:34:51 IST" name="forgotPasswordTestCase" finished-at="2022-01-25T07:34:52 IST" duration-ms="1174" status="PASS">
          <reporter-output>
          </reporter-output>
        </test-method> <!-- forgotPasswordTestCase -->
      </class> <!-- com.buffaloCart.testCases.ForgotPasswordTestCase -->
      <class name="com.buffaloCart.testCases.DashboardTestCase">
        <test-method signature="clockINTestCase()[pri:0, instance:com.buffaloCart.testCases.DashboardTestCase@4c1909a3]" started-at="2022-01-25T07:35:00 IST" name="clockINTestCase" finished-at="2022-01-25T07:35:04 IST" duration-ms="4612" status="PASS">
          <reporter-output>
          </reporter-output>
        </test-method> <!-- clockINTestCase -->
        <test-method signature="openEventTestCase()[pri:0, instance:com.buffaloCart.testCases.DashboardTestCase@4c1909a3]" started-at="2022-01-25T07:35:04 IST" name="openEventTestCase" finished-at="2022-01-25T07:35:08 IST" duration-ms="3511" status="PASS">
          <reporter-output>
          </reporter-output>
        </test-method> <!-- openEventTestCase -->
        <test-method signature="openTasksTestCase()[pri:0, instance:com.buffaloCart.testCases.DashboardTestCase@4c1909a3]" started-at="2022-01-25T07:35:08 IST" name="openTasksTestCase" finished-at="2022-01-25T07:35:13 IST" duration-ms="5686" status="PASS">
          <reporter-output>
          </reporter-output>
        </test-method> <!-- openTasksTestCase -->
        <test-method signature="openTeamsTimelineTestCase()[pri:0, instance:com.buffaloCart.testCases.DashboardTestCase@4c1909a3]" started-at="2022-01-25T07:35:13 IST" name="openTeamsTimelineTestCase" finished-at="2022-01-25T07:35:19 IST" duration-ms="5102" status="PASS">
          <reporter-output>
          </reporter-output>
        </test-method> <!-- openTeamsTimelineTestCase -->
      </class> <!-- com.buffaloCart.testCases.DashboardTestCase -->
      <class name="com.buffaloCart.testCases.EventTestCase">
        <test-method signature="addEventTestCase()[pri:0, instance:com.buffaloCart.testCases.EventTestCase@29215f06]" started-at="2022-01-25T07:35:19 IST" name="addEventTestCase" finished-at="2022-01-25T07:35:30 IST" duration-ms="11665" status="PASS">
          <reporter-output>
          </reporter-output>
        </test-method> <!-- addEventTestCase -->
        <test-method signature="navigateEventForwardTestCase()[pri:0, instance:com.buffaloCart.testCases.EventTestCase@29215f06]" started-at="2022-01-25T07:35:30 IST" name="navigateEventForwardTestCase" finished-at="2022-01-25T07:35:30 IST" duration-ms="132" status="PASS">
          <reporter-output>
          </reporter-output>
        </test-method> <!-- navigateEventForwardTestCase -->
        <test-method signature="navigateEventBackwardTestCase()[pri:0, instance:com.buffaloCart.testCases.EventTestCase@29215f06]" started-at="2022-01-25T07:35:30 IST" name="navigateEventBackwardTestCase" finished-at="2022-01-25T07:35:30 IST" duration-ms="111" status="PASS">
          <reporter-output>
          </reporter-output>
        </test-method> <!-- navigateEventBackwardTestCase -->
        <test-method signature="eventWeekViewTestCase()[pri:0, instance:com.buffaloCart.testCases.EventTestCase@29215f06]" started-at="2022-01-25T07:35:30 IST" name="eventWeekViewTestCase" finished-at="2022-01-25T07:35:31 IST" duration-ms="113" status="PASS">
          <reporter-output>
          </reporter-output>
        </test-method> <!-- eventWeekViewTestCase -->
        <test-method signature="eventDayViewTestCase()[pri:0, instance:com.buffaloCart.testCases.EventTestCase@29215f06]" started-at="2022-01-25T07:35:31 IST" name="eventDayViewTestCase" finished-at="2022-01-25T07:35:31 IST" duration-ms="188" status="PASS">
          <reporter-output>
          </reporter-output>
        </test-method> <!-- eventDayViewTestCase -->
        <test-method signature="eventListViewTestCase()[pri:0, instance:com.buffaloCart.testCases.EventTestCase@29215f06]" started-at="2022-01-25T07:35:31 IST" name="eventListViewTestCase" finished-at="2022-01-25T07:35:31 IST" duration-ms="119" status="PASS">
          <reporter-output>
          </reporter-output>
        </test-method> <!-- eventListViewTestCase -->
        <test-method signature="eventMonthViewTestCase()[pri:0, instance:com.buffaloCart.testCases.EventTestCase@29215f06]" started-at="2022-01-25T07:35:31 IST" name="eventMonthViewTestCase" finished-at="2022-01-25T07:35:31 IST" duration-ms="148" status="PASS">
          <reporter-output>
          </reporter-output>
        </test-method> <!-- eventMonthViewTestCase -->
      </class> <!-- com.buffaloCart.testCases.EventTestCase -->
      <class name="com.buffaloCart.testCases.LogOutTestCase">
        <test-method signature="clockOutTestCase()[pri:0, instance:com.buffaloCart.testCases.LogOutTestCase@4efac082]" started-at="2022-01-25T07:35:46 IST" name="clockOutTestCase" finished-at="2022-01-25T07:35:48 IST" duration-ms="1679" status="PASS">
          <reporter-output>
          </reporter-output>
        </test-method> <!-- clockOutTestCase -->
        <test-method signature="logOutTestCase()[pri:0, instance:com.buffaloCart.testCases.LogOutTestCase@4efac082]" started-at="2022-01-25T07:35:48 IST" name="logOutTestCase" finished-at="2022-01-25T07:35:49 IST" duration-ms="1284" status="PASS">
          <reporter-output>
          </reporter-output>
        </test-method> <!-- logOutTestCase -->
      </class> <!-- com.buffaloCart.testCases.LogOutTestCase -->
      <class name="com.buffaloCart.testCases.LogInTestCase">
        <test-method signature="logInTestCase()[pri:0, instance:com.buffaloCart.testCases.LogInTestCase@4b0d79fc]" started-at="2022-01-25T07:34:52 IST" name="logInTestCase" finished-at="2022-01-25T07:35:00 IST" duration-ms="7772" status="FAIL">
          <exception class="org.openqa.selenium.NoSuchElementException">
            <message>
              <![CDATA[no such element: Unable to locate element: {"method":"xpath","selector":"//div[@role='alert']"}
  (Session info: chrome=97.0.4692.99)
For documentation on this error, please visit: https://selenium.dev/exceptions/#no_such_element
Build info: version: '4.1.1', revision: 'e8fcc2cecf'
System info: host: 'LAPTOP-SJO5CKK2', ip: '192.168.1.224', os.name: 'Windows 10', os.arch: 'amd64', os.version: '10.0', java.version: '17.0.1'
Driver info: org.openqa.selenium.chrome.ChromeDriver
Command: [3f482bf598d2bc506d34ec40f56feeae, findElement {using=xpath, value=//div[@role='alert']}]
Capabilities {acceptInsecureCerts: false, browserName: chrome, browserVersion: 97.0.4692.99, chrome: {chromedriverVersion: 96.0.4664.45 (76e4c1bb2ab46..., userDataDir: C:\Users\Sooraj\AppData\Loc...}, goog:chromeOptions: {debuggerAddress: localhost:52769}, javascriptEnabled: true, networkConnectionEnabled: false, pageLoadStrategy: normal, platform: WINDOWS, platformName: WINDOWS, proxy: Proxy(), se:cdp: ws://localhost:52769/devtoo..., se:cdpVersion: 97.0.4692.99, setWindowRect: true, strictFileInteractability: false, timeouts: {implicit: 0, pageLoad: 300000, script: 30000}, unhandledPromptBehavior: dismiss and notify, webauthn:extension:credBlob: true, webauthn:extension:largeBlob: true, webauthn:virtualAuthenticators: true}
Session ID: 3f482bf598d2bc506d34ec40f56feeae]]>
            </message>
            <full-stacktrace>
              <![CDATA[org.openqa.selenium.NoSuchElementException: no such element: Unable to locate element: {"method":"xpath","selector":"//div[@role='alert']"}
  (Session info: chrome=97.0.4692.99)
For documentation on this error, please visit: https://selenium.dev/exceptions/#no_such_element
Build info: version: '4.1.1', revision: 'e8fcc2cecf'
System info: host: 'LAPTOP-SJO5CKK2', ip: '192.168.1.224', os.name: 'Windows 10', os.arch: 'amd64', os.version: '10.0', java.version: '17.0.1'
Driver info: org.openqa.selenium.chrome.ChromeDriver
Command: [3f482bf598d2bc506d34ec40f56feeae, findElement {using=xpath, value=//div[@role='alert']}]
Capabilities {acceptInsecureCerts: false, browserName: chrome, browserVersion: 97.0.4692.99, chrome: {chromedriverVersion: 96.0.4664.45 (76e4c1bb2ab46..., userDataDir: C:\Users\Sooraj\AppData\Loc...}, goog:chromeOptions: {debuggerAddress: localhost:52769}, javascriptEnabled: true, networkConnectionEnabled: false, pageLoadStrategy: normal, platform: WINDOWS, platformName: WINDOWS, proxy: Proxy(), se:cdp: ws://localhost:52769/devtoo..., se:cdpVersion: 97.0.4692.99, setWindowRect: true, strictFileInteractability: false, timeouts: {implicit: 0, pageLoad: 300000, script: 30000}, unhandledPromptBehavior: dismiss and notify, webauthn:extension:credBlob: true, webauthn:extension:largeBlob: true, webauthn:virtualAuthenticators: true}
Session ID: 3f482bf598d2bc506d34ec40f56feeae
at java.base/jdk.internal.reflect.NativeConstructorAccessorImpl.newInstance0(Native Method)
at java.base/jdk.internal.reflect.NativeConstructorAccessorImpl.newInstance(NativeConstructorAccessorImpl.java:77)
at java.base/jdk.internal.reflect.DelegatingConstructorAccessorImpl.newInstance(DelegatingConstructorAccessorImpl.java:45)
at java.base/java.lang.reflect.Constructor.newInstanceWithCaller(Constructor.java:499)
at java.base/java.lang.reflect.Constructor.newInstance(Constructor.java:480)
at org.openqa.selenium.remote.codec.w3c.W3CHttpResponseCodec.createException(W3CHttpResponseCodec.java:200)
at org.openqa.selenium.remote.codec.w3c.W3CHttpResponseCodec.decode(W3CHttpResponseCodec.java:133)
at org.openqa.selenium.remote.codec.w3c.W3CHttpResponseCodec.decode(W3CHttpResponseCodec.java:53)
at org.openqa.selenium.remote.HttpCommandExecutor.execute(HttpCommandExecutor.java:184)
at org.openqa.selenium.remote.service.DriverCommandExecutor.invokeExecute(DriverCommandExecutor.java:167)
at org.openqa.selenium.remote.service.DriverCommandExecutor.execute(DriverCommandExecutor.java:142)
at org.openqa.selenium.remote.RemoteWebDriver.execute(RemoteWebDriver.java:543)
at org.openqa.selenium.remote.ElementLocation$ElementFinder$2.findElement(ElementLocation.java:162)
at org.openqa.selenium.remote.ElementLocation.findElement(ElementLocation.java:60)
at org.openqa.selenium.remote.RemoteWebDriver.findElement(RemoteWebDriver.java:367)
at org.openqa.selenium.remote.RemoteWebDriver.findElement(RemoteWebDriver.java:359)
at org.openqa.selenium.support.pagefactory.DefaultElementLocator.findElement(DefaultElementLocator.java:70)
at org.openqa.selenium.support.pagefactory.internal.LocatingElementHandler.invoke(LocatingElementHandler.java:39)
at jdk.proxy2/jdk.proxy2.$Proxy16.isDisplayed(Unknown Source)
at com.buffaloCart.pages.LoginPage.logIn(LoginPage.java:38)
at com.buffaloCart.testCases.LogInTestCase.logInTestCase(LogInTestCase.java:28)
at java.base/jdk.internal.reflect.NativeMethodAccessorImpl.invoke0(Native Method)
at java.base/jdk.internal.reflect.NativeMethodAccessorImpl.invoke(NativeMethodAccessorImpl.java:77)
at java.base/jdk.internal.reflect.DelegatingMethodAccessorImpl.invoke(DelegatingMethodAccessorImpl.java:43)
at java.base/java.lang.reflect.Method.invoke(Method.java:568)
at org.testng.internal.MethodInvocationHelper.invokeMethod(MethodInvocationHelper.java:133)
at org.testng.internal.TestInvoker.invokeMethod(TestInvoker.java:598)
at org.testng.internal.TestInvoker.invokeTestMethod(TestInvoker.java:173)
at org.testng.internal.MethodRunner.runInSequence(MethodRunner.java:46)
at org.testng.internal.TestInvoker$MethodInvocationAgent.invoke(TestInvoker.java:824)
at org.testng.internal.TestInvoker.invokeTestMethods(TestInvoker.java:146)
at org.testng.internal.TestMethodWorker.invokeTestMethods(TestMethodWorker.java:146)
at org.testng.internal.TestMethodWorker.run(TestMethodWorker.java:128)
at java.base/java.util.ArrayList.forEach(ArrayList.java:1511)
at org.testng.TestRunner.privateRun(TestRunner.java:794)
at org.testng.TestRunner.run(TestRunner.java:596)
at org.testng.SuiteRunner.runTest(SuiteRunner.java:377)
at org.testng.SuiteRunner.runSequentially(SuiteRunner.java:371)
at org.testng.SuiteRunner.privateRun(SuiteRunner.java:332)
at org.testng.SuiteRunner.run(SuiteRunner.java:276)
at org.testng.SuiteRunnerWorker.runSuite(SuiteRunnerWorker.java:53)
at org.testng.SuiteRunnerWorker.run(SuiteRunnerWorker.java:96)
at org.testng.TestNG.runSuitesSequentially(TestNG.java:1212)
at org.testng.TestNG.runSuitesLocally(TestNG.java:1134)
at org.testng.TestNG.runSuites(TestNG.java:1063)
at org.testng.TestNG.run(TestNG.java:1031)
at org.testng.remote.AbstractRemoteTestNG.run(AbstractRemoteTestNG.java:115)
at org.testng.remote.RemoteTestNG.initAndRun(RemoteTestNG.java:251)
at org.testng.remote.RemoteTestNG.main(RemoteTestNG.java:77)
]]>
            </full-stacktrace>
          </exception> <!-- org.openqa.selenium.NoSuchElementException -->
          <reporter-output>
          </reporter-output>
        </test-method> <!-- logInTestCase -->
      </class> <!-- com.buffaloCart.testCases.LogInTestCase -->
      <class name="com.buffaloCart.testCases.ClientsTestCase">
        <test-method signature="goToClientTestCase()[pri:0, instance:com.buffaloCart.testCases.ClientsTestCase@59505b48]" started-at="2022-01-25T07:35:31 IST" name="goToClientTestCase" finished-at="2022-01-25T07:35:36 IST" duration-ms="5325" status="PASS">
          <reporter-output>
          </reporter-output>
        </test-method> <!-- goToClientTestCase -->
        <test-method signature="goToContactsTestCase()[pri:0, instance:com.buffaloCart.testCases.ClientsTestCase@59505b48]" started-at="2022-01-25T07:35:36 IST" name="goToContactsTestCase" finished-at="2022-01-25T07:35:39 IST" duration-ms="2194" status="PASS">
          <reporter-output>
          </reporter-output>
        </test-method> <!-- goToContactsTestCase -->
        <test-method signature="addClientAndContacts()[pri:0, instance:com.buffaloCart.testCases.ClientsTestCase@59505b48]" started-at="2022-01-25T07:35:39 IST" name="addClientAndContacts" finished-at="2022-01-25T07:35:45 IST" duration-ms="6041" status="PASS">
          <reporter-output>
          </reporter-output>
        </test-method> <!-- addClientAndContacts -->
        <test-method signature="downloadExcelContractsTestCase()[pri:0, instance:com.buffaloCart.testCases.ClientsTestCase@59505b48]" started-at="2022-01-25T07:35:45 IST" name="downloadExcelContractsTestCase" finished-at="2022-01-25T07:35:46 IST" duration-ms="1234" status="PASS">
          <reporter-output>
          </reporter-output>
        </test-method> <!-- downloadExcelContractsTestCase -->
      </class> <!-- com.buffaloCart.testCases.ClientsTestCase -->
    </test> <!-- Test -->
  </suite> <!-- Suite -->
</testng-results>
